:q version 4.11
....................................................................................................................................................................................................................................................................................................................................................................................................................................................................................................................................................................................................................................................................................................................................................................................................................................................................................................................................................................................................................................................................................................................................................................................................................................................................................................................................................................................................................................................................................................................................................................................................................................................................................................................................................................................................................................................................................................................................................................................................................................................................................................................................................................................................................................E...........E.E...........E.E.E.E.E.E......................................................................................................................E...E.E..E.E.....E..........................................................................................................................................................................................................................................................................................................................................................................................................................................................................................................................................................................................................................................................................................................................................................................................................................................................................................................................................................................................................................................................................................................................................................................................................................................................................................................................................................................................................................................................................................................................................................................................................................................................................................................................................................................................................................................................................................................................................................................................................................................................................................E............................................................................................................................................................................................................................................................................................................................................................................................................................................................................................................................................................................................................................................................................................................................................................................................................................................................................................................................E.E.......................................................................................................................................................................................................................................................................................................................................................................................................................................................................................................................................................................................................................................................................................................................................................................................................................................................................................................................................................................................................................................................................................................................................................E.E........................................................................................................................................................................................................................................................................................................................................................................................................................................................................................................................................................................................................................................................................................................................................................................................................................................................................................................................................................................................................................................................................................................................................................................................................................................................................................................................................................................................................................................................................................................................................................................................................................................................................................................................................................................................................................................................................E.E................................................................................................................................................................................................................................................................................................................................................................................................................................................................................................................................................................E.E
Time: 350.395
There were 24 failures:
1) testReadWriteStaticField(com.google.j2objc.FieldTest)
junit.framework.AssertionFailedError: expected:<3.141592653589793> but was:<2.718281828459045>
	at 0x000000010428aedd java.lang.Throwable.nativeFillInStackTrace() + 38
	at 0x00000001042675b7 java.lang.Error.<init>() + 30
	at 0x0000000104254513 java.lang.AssertionError.<init>() + 78
	at 0x0000000103abcf0c junit.framework.AssertionFailedError.<init>() + 61
	at 0x0000000103abbbed junit.framework.Assert.fail() + 32
	at 0x0000000103abc9a3 junit.framework.Assert.format() + 0
	at 0x0000000103abbce4 junit.framework.Assert.assertEquals() + 0
	at 0x0000000103abbd54 junit.framework.Assert.assertEquals() + 32
	at 0x0000000103abffb3 junit.framework.TestCase.assertEquals() + 30
	at 0x00000001032ea098 com.google.j2objc.FieldTest.testReadWriteStaticField() + 248
	at 0x0000000104862d41 java.lang.reflect.Method.invoke:object:() + 54
	at 0x00000001048627f8 java.lang.reflect.Method.invoke() + 379
	at 0x0000000103abfc6f junit.framework.TestCase.runTest() + 276
	at 0x0000000103abfa8c junit.framework.TestCase.runBare() + 43
	at 0x0000000103ac1e32 junit.framework.TestResult.runProtected() + 78
	at 0x0000000103ac1d8e junit.framework.TestResult.run() + 131
	at 0x0000000103abfa4d junit.framework.TestCase.run() + 46
	at 0x0000000103ac3b5e junit.framework.TestSuite.runTest() + 62
	at 0x0000000103ac3a80 junit.framework.TestSuite.run() + 320
	at 0x0000000103ae19f0 org.junit.internal.runners.JUnit38ClassRunner.run() + 142
	at 0x0000000103afe52c org.junit.runners.Suite.runChild() + 62
	at 0x0000000103afd9a9 org.junit.runners.ParentRunner$.schedule() + 39
	at 0x0000000103afca00 org.junit.runners.ParentRunner.runChildren() + 483
	at 0x0000000103afd053 org.junit.runners.ParentRunner.run() + 140
	at 0x0000000103afe52c org.junit.runners.Suite.runChild() + 62
	at 0x0000000103afd9a9 org.junit.runners.ParentRunner$.schedule() + 39
	at 0x0000000103afca00 org.junit.runners.ParentRunner.runChildren() + 483
	at 0x0000000103afd053 org.junit.runners.ParentRunner.run() + 140
	at 0x0000000103af25e7 org.junit.runner.JUnitCore.run() + 230
	at 0x0000000103af2484 org.junit.runner.JUnitCore.run() + 78
	at 0x0000000103af2392 org.junit.runner.JUnitCore.run() + 96
	at 0x0000000103af20ea org.junit.runner.JUnitCore.runMain() + 999
	at 0x0000000103af1cdd org.junit.runner.JUnitCore.runMain() + 42
	at 0x0000000103a7c74e JRELogPaneViewController.viewDidAppear:() + 462
2) testReleasingConstructorThrows(com.google.j2objc.MemoryTest)
junit.framework.AssertionFailedError: expected:<1> but was:<0>
	at 0x000000010428aedd java.lang.Throwable.nativeFillInStackTrace() + 38
	at 0x00000001042675b7 java.lang.Error.<init>() + 30
	at 0x0000000104254513 java.lang.AssertionError.<init>() + 78
	at 0x0000000103abcf0c junit.framework.AssertionFailedError.<init>() + 61
	at 0x0000000103abbbed junit.framework.Assert.fail() + 32
	at 0x0000000103abc9a3 junit.framework.Assert.format() + 0
	at 0x0000000103abbce4 junit.framework.Assert.assertEquals() + 0
	at 0x0000000103abc395 junit.framework.Assert.assertEquals() + 62
	at 0x00000001038d43ec com.google.j2objc.MemoryTest.testReleasingConstructorThrows() + 188
	at 0x0000000104862d41 java.lang.reflect.Method.invoke:object:() + 54
	at 0x00000001048627f8 java.lang.reflect.Method.invoke() + 379
	at 0x0000000103abfc6f junit.framework.TestCase.runTest() + 276
	at 0x0000000103abfa8c junit.framework.TestCase.runBare() + 43
	at 0x0000000103ac1e32 junit.framework.TestResult.runProtected() + 78
	at 0x0000000103ac1d8e junit.framework.TestResult.run() + 131
	at 0x0000000103abfa4d junit.framework.TestCase.run() + 46
	at 0x0000000103ac3b5e junit.framework.TestSuite.runTest() + 62
	at 0x0000000103ac3a80 junit.framework.TestSuite.run() + 320
	at 0x0000000103ae19f0 org.junit.internal.runners.JUnit38ClassRunner.run() + 142
	at 0x0000000103afe52c org.junit.runners.Suite.runChild() + 62
	at 0x0000000103afd9a9 org.junit.runners.ParentRunner$.schedule() + 39
	at 0x0000000103afca00 org.junit.runners.ParentRunner.runChildren() + 483
	at 0x0000000103afd053 org.junit.runners.ParentRunner.run() + 140
	at 0x0000000103afe52c org.junit.runners.Suite.runChild() + 62
	at 0x0000000103afd9a9 org.junit.runners.ParentRunner$.schedule() + 39
	at 0x0000000103afca00 org.junit.runners.ParentRunner.runChildren() + 483
	at 0x0000000103afd053 org.junit.runners.ParentRunner.run() + 140
	at 0x0000000103af25e7 org.junit.runner.JUnitCore.run() + 230
	at 0x0000000103af2484 org.junit.runner.JUnitCore.run() + 78
	at 0x0000000103af2392 org.junit.runner.JUnitCore.run() + 96
	at 0x0000000103af20ea org.junit.runner.JUnitCore.runMain() + 999
	at 0x0000000103af1cdd org.junit.runner.JUnitCore.runMain() + 42
	at 0x0000000103a7c74e JRELogPaneViewController.viewDidAppear:() + 462
3) testRetainingConstructorThrows(com.google.j2objc.MemoryTest)
junit.framework.AssertionFailedError: expected:<1> but was:<0>
	at 0x000000010428aedd java.lang.Throwable.nativeFillInStackTrace() + 38
	at 0x00000001042675b7 java.lang.Error.<init>() + 30
	at 0x0000000104254513 java.lang.AssertionError.<init>() + 78
	at 0x0000000103abcf0c junit.framework.AssertionFailedError.<init>() + 61
	at 0x0000000103abbbed junit.framework.Assert.fail() + 32
	at 0x0000000103abc9a3 junit.framework.Assert.format() + 0
	at 0x0000000103abbce4 junit.framework.Assert.assertEquals() + 0
	at 0x0000000103abc395 junit.framework.Assert.assertEquals() + 62
	at 0x00000001038d452b com.google.j2objc.MemoryTest.testRetainingConstructorThrows() + 299
	at 0x0000000104862d41 java.lang.reflect.Method.invoke:object:() + 54
	at 0x00000001048627f8 java.lang.reflect.Method.invoke() + 379
	at 0x0000000103abfc6f junit.framework.TestCase.runTest() + 276
	at 0x0000000103abfa8c junit.framework.TestCase.runBare() + 43
	at 0x0000000103ac1e32 junit.framework.TestResult.runProtected() + 78
	at 0x0000000103ac1d8e junit.framework.TestResult.run() + 131
	at 0x0000000103abfa4d junit.framework.TestCase.run() + 46
	at 0x0000000103ac3b5e junit.framework.TestSuite.runTest() + 62
	at 0x0000000103ac3a80 junit.framework.TestSuite.run() + 320
	at 0x0000000103ae19f0 org.junit.internal.runners.JUnit38ClassRunner.run() + 142
	at 0x0000000103afe52c org.junit.runners.Suite.runChild() + 62
	at 0x0000000103afd9a9 org.junit.runners.ParentRunner$.schedule() + 39
	at 0x0000000103afca00 org.junit.runners.ParentRunner.runChildren() + 483
	at 0x0000000103afd053 org.junit.runners.ParentRunner.run() + 140
	at 0x0000000103afe52c org.junit.runners.Suite.runChild() + 62
	at 0x0000000103afd9a9 org.junit.runners.ParentRunner$.schedule() + 39
	at 0x0000000103afca00 org.junit.runners.ParentRunner.runChildren() + 483
	at 0x0000000103afd053 org.junit.runners.ParentRunner.run() + 140
	at 0x0000000103af25e7 org.junit.runner.JUnitCore.run() + 230
	at 0x0000000103af2484 org.junit.runner.JUnitCore.run() + 78
	at 0x0000000103af2392 org.junit.runner.JUnitCore.run() + 96
	at 0x0000000103af20ea org.junit.runner.JUnitCore.runMain() + 999
	at 0x0000000103af1cdd org.junit.runner.JUnitCore.runMain() + 42
	at 0x0000000103a7c74e JRELogPaneViewController.viewDidAppear:() + 462
4) testCloneChildObject(com.google.j2objc.RetainedWithTest)
junit.framework.AssertionFailedError
	at 0x000000010428aedd java.lang.Throwable.nativeFillInStackTrace() + 38
	at 0x0000000103abbbe3 junit.framework.Assert.fail() + 22
	at 0x0000000103abbb4e junit.framework.Assert.assertTrue() + 0
	at 0x0000000103a9e052 com.google.j2objc.RetainedWithTest.testCloneChildObject() + 450
	at 0x0000000104862d41 java.lang.reflect.Method.invoke:object:() + 54
	at 0x00000001048627f8 java.lang.reflect.Method.invoke() + 379
	at 0x0000000103abfc6f junit.framework.TestCase.runTest() + 276
	at 0x0000000103abfa8c junit.framework.TestCase.runBare() + 43
	at 0x0000000103ac1e32 junit.framework.TestResult.runProtected() + 78
	at 0x0000000103ac1d8e junit.framework.TestResult.run() + 131
	at 0x0000000103abfa4d junit.framework.TestCase.run() + 46
	at 0x0000000103ac3b5e junit.framework.TestSuite.runTest() + 62
	at 0x0000000103ac3a80 junit.framework.TestSuite.run() + 320
	at 0x0000000103ae19f0 org.junit.internal.runners.JUnit38ClassRunner.run() + 142
	at 0x0000000103afe52c org.junit.runners.Suite.runChild() + 62
	at 0x0000000103afd9a9 org.junit.runners.ParentRunner$.schedule() + 39
	at 0x0000000103afca00 org.junit.runners.ParentRunner.runChildren() + 483
	at 0x0000000103afd053 org.junit.runners.ParentRunner.run() + 140
	at 0x0000000103afe52c org.junit.runners.Suite.runChild() + 62
	at 0x0000000103afd9a9 org.junit.runners.ParentRunner$.schedule() + 39
	at 0x0000000103afca00 org.junit.runners.ParentRunner.runChildren() + 483
	at 0x0000000103afd053 org.junit.runners.ParentRunner.run() + 140
	at 0x0000000103af25e7 org.junit.runner.JUnitCore.run() + 230
	at 0x0000000103af2484 org.junit.runner.JUnitCore.run() + 78
	at 0x0000000103af2392 org.junit.runner.JUnitCore.run() + 96
	at 0x0000000103af20ea org.junit.runner.JUnitCore.runMain() + 999
	at 0x0000000103af1cdd org.junit.runner.JUnitCore.runMain() + 42
	at 0x0000000103a7c74e JRELogPaneViewController.viewDidAppear:() + 462
5) testSymmetricObjectPairIsDeallocated(com.google.j2objc.RetainedWithTest)
junit.framework.AssertionFailedError
	at 0x000000010428aedd java.lang.Throwable.nativeFillInStackTrace() + 38
	at 0x0000000103abbbe3 junit.framework.Assert.fail() + 22
	at 0x0000000103abbb4e junit.framework.Assert.assertTrue() + 0
	at 0x0000000103a9d472 com.google.j2objc.RetainedWithTest.testSymmetricObjectPairIsDeallocated() + 450
	at 0x0000000104862d41 java.lang.reflect.Method.invoke:object:() + 54
	at 0x00000001048627f8 java.lang.reflect.Method.invoke() + 379
	at 0x0000000103abfc6f junit.framework.TestCase.runTest() + 276
	at 0x0000000103abfa8c junit.framework.TestCase.runBare() + 43
	at 0x0000000103ac1e32 junit.framework.TestResult.runProtected() + 78
	at 0x0000000103ac1d8e junit.framework.TestResult.run() + 131
	at 0x0000000103abfa4d junit.framework.TestCase.run() + 46
	at 0x0000000103ac3b5e junit.framework.TestSuite.runTest() + 62
	at 0x0000000103ac3a80 junit.framework.TestSuite.run() + 320
	at 0x0000000103ae19f0 org.junit.internal.runners.JUnit38ClassRunner.run() + 142
	at 0x0000000103afe52c org.junit.runners.Suite.runChild() + 62
	at 0x0000000103afd9a9 org.junit.runners.ParentRunner$.schedule() + 39
	at 0x0000000103afca00 org.junit.runners.ParentRunner.runChildren() + 483
	at 0x0000000103afd053 org.junit.runners.ParentRunner.run() + 140
	at 0x0000000103afe52c org.junit.runners.Suite.runChild() + 62
	at 0x0000000103afd9a9 org.junit.runners.ParentRunner$.schedule() + 39
	at 0x0000000103afca00 org.junit.runners.ParentRunner.runChildren() + 483
	at 0x0000000103afd053 org.junit.runners.ParentRunner.run() + 140
	at 0x0000000103af25e7 org.junit.runner.JUnitCore.run() + 230
	at 0x0000000103af2484 org.junit.runner.JUnitCore.run() + 78
	at 0x0000000103af2392 org.junit.runner.JUnitCore.run() + 96
	at 0x0000000103af20ea org.junit.runner.JUnitCore.runMain() + 999
	at 0x0000000103af1cdd org.junit.runner.JUnitCore.runMain() + 42
	at 0x0000000103a7c74e JRELogPaneViewController.viewDidAppear:() + 462
6) testMapChildren(com.google.j2objc.RetainedWithTest)
junit.framework.AssertionFailedError
	at 0x000000010428aedd java.lang.Throwable.nativeFillInStackTrace() + 38
	at 0x0000000103abbbe3 junit.framework.Assert.fail() + 22
	at 0x0000000103abbb4e junit.framework.Assert.assertTrue() + 0
	at 0x0000000103a9f738 com.google.j2objc.RetainedWithTest.runMapTest() + 488
	at 0x0000000103a9f881 com.google.j2objc.RetainedWithTest.testMapChildren() + 97
	at 0x0000000104862d41 java.lang.reflect.Method.invoke:object:() + 54
	at 0x00000001048627f8 java.lang.reflect.Method.invoke() + 379
	at 0x0000000103abfc6f junit.framework.TestCase.runTest() + 276
	at 0x0000000103abfa8c junit.framework.TestCase.runBare() + 43
	at 0x0000000103ac1e32 junit.framework.TestResult.runProtected() + 78
	at 0x0000000103ac1d8e junit.framework.TestResult.run() + 131
	at 0x0000000103abfa4d junit.framework.TestCase.run() + 46
	at 0x0000000103ac3b5e junit.framework.TestSuite.runTest() + 62
	at 0x0000000103ac3a80 junit.framework.TestSuite.run() + 320
	at 0x0000000103ae19f0 org.junit.internal.runners.JUnit38ClassRunner.run() + 142
	at 0x0000000103afe52c org.junit.runners.Suite.runChild() + 62
	at 0x0000000103afd9a9 org.junit.runners.ParentRunner$.schedule() + 39
	at 0x0000000103afca00 org.junit.runners.ParentRunner.runChildren() + 483
	at 0x0000000103afd053 org.junit.runners.ParentRunner.run() + 140
	at 0x0000000103afe52c org.junit.runners.Suite.runChild() + 62
	at 0x0000000103afd9a9 org.junit.runners.ParentRunner$.schedule() + 39
	at 0x0000000103afca00 org.junit.runners.ParentRunner.runChildren() + 483
	at 0x0000000103afd053 org.junit.runners.ParentRunner.run() + 140
	at 0x0000000103af25e7 org.junit.runner.JUnitCore.run() + 230
	at 0x0000000103af2484 org.junit.runner.JUnitCore.run() + 78
	at 0x0000000103af2392 org.junit.runner.JUnitCore.run() + 96
	at 0x0000000103af20ea org.junit.runner.JUnitCore.runMain() + 999
	at 0x0000000103af1cdd org.junit.runner.JUnitCore.runMain() + 42
	at 0x0000000103a7c74e JRELogPaneViewController.viewDidAppear:() + 462
7) testReassignChild(com.google.j2objc.RetainedWithTest)
junit.framework.AssertionFailedError
	at 0x000000010428aedd java.lang.Throwable.nativeFillInStackTrace() + 38
	at 0x0000000103abbbe3 junit.framework.Assert.fail() + 22
	at 0x0000000103abbb4e junit.framework.Assert.assertTrue() + 0
	at 0x0000000103a9e5d2 com.google.j2objc.RetainedWithTest.testReassignChild() + 450
	at 0x0000000104862d41 java.lang.reflect.Method.invoke:object:() + 54
	at 0x00000001048627f8 java.lang.reflect.Method.invoke() + 379
	at 0x0000000103abfc6f junit.framework.TestCase.runTest() + 276
	at 0x0000000103abfa8c junit.framework.TestCase.runBare() + 43
	at 0x0000000103ac1e32 junit.framework.TestResult.runProtected() + 78
	at 0x0000000103ac1d8e junit.framework.TestResult.run() + 131
	at 0x0000000103abfa4d junit.framework.TestCase.run() + 46
	at 0x0000000103ac3b5e junit.framework.TestSuite.runTest() + 62
	at 0x0000000103ac3a80 junit.framework.TestSuite.run() + 320
	at 0x0000000103ae19f0 org.junit.internal.runners.JUnit38ClassRunner.run() + 142
	at 0x0000000103afe52c org.junit.runners.Suite.runChild() + 62
	at 0x0000000103afd9a9 org.junit.runners.ParentRunner$.schedule() + 39
	at 0x0000000103afca00 org.junit.runners.ParentRunner.runChildren() + 483
	at 0x0000000103afd053 org.junit.runners.ParentRunner.run() + 140
	at 0x0000000103afe52c org.junit.runners.Suite.runChild() + 62
	at 0x0000000103afd9a9 org.junit.runners.ParentRunner$.schedule() + 39
	at 0x0000000103afca00 org.junit.runners.ParentRunner.runChildren() + 483
	at 0x0000000103afd053 org.junit.runners.ParentRunner.run() + 140
	at 0x0000000103af25e7 org.junit.runner.JUnitCore.run() + 230
	at 0x0000000103af2484 org.junit.runner.JUnitCore.run() + 78
	at 0x0000000103af2392 org.junit.runner.JUnitCore.run() + 96
	at 0x0000000103af20ea org.junit.runner.JUnitCore.runMain() + 999
	at 0x0000000103af1cdd org.junit.runner.JUnitCore.runMain() + 42
	at 0x0000000103a7c74e JRELogPaneViewController.viewDidAppear:() + 462
8) testObjectPairIsDeallocated(com.google.j2objc.RetainedWithTest)
junit.framework.AssertionFailedError
	at 0x000000010428aedd java.lang.Throwable.nativeFillInStackTrace() + 38
	at 0x0000000103abbbe3 junit.framework.Assert.fail() + 22
	at 0x0000000103abbb4e junit.framework.Assert.assertTrue() + 0
	at 0x0000000103a9d002 com.google.j2objc.RetainedWithTest.testObjectPairIsDeallocated() + 450
	at 0x0000000104862d41 java.lang.reflect.Method.invoke:object:() + 54
	at 0x00000001048627f8 java.lang.reflect.Method.invoke() + 379
	at 0x0000000103abfc6f junit.framework.TestCase.runTest() + 276
	at 0x0000000103abfa8c junit.framework.TestCase.runBare() + 43
	at 0x0000000103ac1e32 junit.framework.TestResult.runProtected() + 78
	at 0x0000000103ac1d8e junit.framework.TestResult.run() + 131
	at 0x0000000103abfa4d junit.framework.TestCase.run() + 46
	at 0x0000000103ac3b5e junit.framework.TestSuite.runTest() + 62
	at 0x0000000103ac3a80 junit.framework.TestSuite.run() + 320
	at 0x0000000103ae19f0 org.junit.internal.runners.JUnit38ClassRunner.run() + 142
	at 0x0000000103afe52c org.junit.runners.Suite.runChild() + 62
	at 0x0000000103afd9a9 org.junit.runners.ParentRunner$.schedule() + 39
	at 0x0000000103afca00 org.junit.runners.ParentRunner.runChildren() + 483
	at 0x0000000103afd053 org.junit.runners.ParentRunner.run() + 140
	at 0x0000000103afe52c org.junit.runners.Suite.runChild() + 62
	at 0x0000000103afd9a9 org.junit.runners.ParentRunner$.schedule() + 39
	at 0x0000000103afca00 org.junit.runners.ParentRunner.runChildren() + 483
	at 0x0000000103afd053 org.junit.runners.ParentRunner.run() + 140
	at 0x0000000103af25e7 org.junit.runner.JUnitCore.run() + 230
	at 0x0000000103af2484 org.junit.runner.JUnitCore.run() + 78
	at 0x0000000103af2392 org.junit.runner.JUnitCore.run() + 96
	at 0x0000000103af20ea org.junit.runner.JUnitCore.runMain() + 999
	at 0x0000000103af1cdd org.junit.runner.JUnitCore.runMain() + 42
	at 0x0000000103a7c74e JRELogPaneViewController.viewDidAppear:() + 462
9) testCloneParentObject(com.google.j2objc.RetainedWithTest)
junit.framework.AssertionFailedError
	at 0x000000010428aedd java.lang.Throwable.nativeFillInStackTrace() + 38
	at 0x0000000103abbbe3 junit.framework.Assert.fail() + 22
	at 0x0000000103abbb4e junit.framework.Assert.assertTrue() + 0
	at 0x0000000103a9da82 com.google.j2objc.RetainedWithTest.testCloneParentObject() + 450
	at 0x0000000104862d41 java.lang.reflect.Method.invoke:object:() + 54
	at 0x00000001048627f8 java.lang.reflect.Method.invoke() + 379
	at 0x0000000103abfc6f junit.framework.TestCase.runTest() + 276
	at 0x0000000103abfa8c junit.framework.TestCase.runBare() + 43
	at 0x0000000103ac1e32 junit.framework.TestResult.runProtected() + 78
	at 0x0000000103ac1d8e junit.framework.TestResult.run() + 131
	at 0x0000000103abfa4d junit.framework.TestCase.run() + 46
	at 0x0000000103ac3b5e junit.framework.TestSuite.runTest() + 62
	at 0x0000000103ac3a80 junit.framework.TestSuite.run() + 320
	at 0x0000000103ae19f0 org.junit.internal.runners.JUnit38ClassRunner.run() + 142
	at 0x0000000103afe52c org.junit.runners.Suite.runChild() + 62
	at 0x0000000103afd9a9 org.junit.runners.ParentRunner$.schedule() + 39
	at 0x0000000103afca00 org.junit.runners.ParentRunner.runChildren() + 483
	at 0x0000000103afd053 org.junit.runners.ParentRunner.run() + 140
	at 0x0000000103afe52c org.junit.runners.Suite.runChild() + 62
	at 0x0000000103afd9a9 org.junit.runners.ParentRunner$.schedule() + 39
	at 0x0000000103afca00 org.junit.runners.ParentRunner.runChildren() + 483
	at 0x0000000103afd053 org.junit.runners.ParentRunner.run() + 140
	at 0x0000000103af25e7 org.junit.runner.JUnitCore.run() + 230
	at 0x0000000103af2484 org.junit.runner.JUnitCore.run() + 78
	at 0x0000000103af2392 org.junit.runner.JUnitCore.run() + 96
	at 0x0000000103af20ea org.junit.runner.JUnitCore.runMain() + 999
	at 0x0000000103af1cdd org.junit.runner.JUnitCore.runMain() + 42
	at 0x0000000103a7c74e JRELogPaneViewController.viewDidAppear:() + 462
10) testQueuedPhantomReference(java.lang.ref.PhantomReferenceTest)
junit.framework.AssertionFailedError: phantomRef wasn't queued
	at 0x000000010428aedd java.lang.Throwable.nativeFillInStackTrace() + 38
	at 0x00000001042675b7 java.lang.Error.<init>() + 30
	at 0x0000000104254513 java.lang.AssertionError.<init>() + 78
	at 0x0000000103abcf0c junit.framework.AssertionFailedError.<init>() + 61
	at 0x0000000103abbbed junit.framework.Assert.fail() + 32
	at 0x0000000103abbb4e junit.framework.Assert.assertTrue() + 0
	at 0x0000000103abc45e junit.framework.Assert.assertNotNull() + 36
	at 0x0000000103abfe02 junit.framework.TestCase.assertNotNull() + 30
	at 0x00000001034566aa java.lang.ref.PhantomReferenceTest.testQueuedPhantomReference() + 378
	at 0x0000000104862d41 java.lang.reflect.Method.invoke:object:() + 54
	at 0x00000001048627f8 java.lang.reflect.Method.invoke() + 379
	at 0x0000000103abfc6f junit.framework.TestCase.runTest() + 276
	at 0x0000000103abfa8c junit.framework.TestCase.runBare() + 43
	at 0x0000000103ac1e32 junit.framework.TestResult.runProtected() + 78
	at 0x0000000103ac1d8e junit.framework.TestResult.run() + 131
	at 0x0000000103abfa4d junit.framework.TestCase.run() + 46
	at 0x0000000103ac3b5e junit.framework.TestSuite.runTest() + 62
	at 0x0000000103ac3a80 junit.framework.TestSuite.run() + 320
	at 0x0000000103ae19f0 org.junit.internal.runners.JUnit38ClassRunner.run() + 142
	at 0x0000000103afe52c org.junit.runners.Suite.runChild() + 62
	at 0x0000000103afd9a9 org.junit.runners.ParentRunner$.schedule() + 39
	at 0x0000000103afca00 org.junit.runners.ParentRunner.runChildren() + 483
	at 0x0000000103afd053 org.junit.runners.ParentRunner.run() + 140
	at 0x0000000103afe52c org.junit.runners.Suite.runChild() + 62
	at 0x0000000103afd9a9 org.junit.runners.ParentRunner$.schedule() + 39
	at 0x0000000103afca00 org.junit.runners.ParentRunner.runChildren() + 483
	at 0x0000000103afd053 org.junit.runners.ParentRunner.run() + 140
	at 0x0000000103af25e7 org.junit.runner.JUnitCore.run() + 230
	at 0x0000000103af2484 org.junit.runner.JUnitCore.run() + 78
	at 0x0000000103af2392 org.junit.runner.JUnitCore.run() + 96
	at 0x0000000103af20ea org.junit.runner.JUnitCore.runMain() + 999
	at 0x0000000103af1cdd org.junit.runner.JUnitCore.runMain() + 42
	at 0x0000000103a7c74e JRELogPaneViewController.viewDidAppear:() + 462
11) testSoftReferenceCleanedUpWhenNotReachable(java.lang.ref.SoftReferenceTest)
junit.framework.AssertionFailedError: referent dealloc'ed too soon
	at 0x000000010428aedd java.lang.Throwable.nativeFillInStackTrace() + 38
	at 0x00000001042675b7 java.lang.Error.<init>() + 30
	at 0x0000000104254513 java.lang.AssertionError.<init>() + 78
	at 0x0000000103abcf0c junit.framework.AssertionFailedError.<init>() + 61
	at 0x0000000103abbbed junit.framework.Assert.fail() + 32
	at 0x0000000103abbb4e junit.framework.Assert.assertTrue() + 0
	at 0x0000000103457ab0 java.lang.ref.SoftReferenceTest.testSoftReferenceCleanedUpWhenNotReachable() + 832
	at 0x0000000104862d41 java.lang.reflect.Method.invoke:object:() + 54
	at 0x00000001048627f8 java.lang.reflect.Method.invoke() + 379
	at 0x0000000103abfc6f junit.framework.TestCase.runTest() + 276
	at 0x0000000103abfa8c junit.framework.TestCase.runBare() + 43
	at 0x0000000103ac1e32 junit.framework.TestResult.runProtected() + 78
	at 0x0000000103ac1d8e junit.framework.TestResult.run() + 131
	at 0x0000000103abfa4d junit.framework.TestCase.run() + 46
	at 0x0000000103ac3b5e junit.framework.TestSuite.runTest() + 62
	at 0x0000000103ac3a80 junit.framework.TestSuite.run() + 320
	at 0x0000000103ae19f0 org.junit.internal.runners.JUnit38ClassRunner.run() + 142
	at 0x0000000103afe52c org.junit.runners.Suite.runChild() + 62
	at 0x0000000103afd9a9 org.junit.runners.ParentRunner$.schedule() + 39
	at 0x0000000103afca00 org.junit.runners.ParentRunner.runChildren() + 483
	at 0x0000000103afd053 org.junit.runners.ParentRunner.run() + 140
	at 0x0000000103afe52c org.junit.runners.Suite.runChild() + 62
	at 0x0000000103afd9a9 org.junit.runners.ParentRunner$.schedule() + 39
	at 0x0000000103afca00 org.junit.runners.ParentRunner.runChildren() + 483
	at 0x0000000103afd053 org.junit.runners.ParentRunner.run() + 140
	at 0x0000000103af25e7 org.junit.runner.JUnitCore.run() + 230
	at 0x0000000103af2484 org.junit.runner.JUnitCore.run() + 78
	at 0x0000000103af2392 org.junit.runner.JUnitCore.run() + 96
	at 0x0000000103af20ea org.junit.runner.JUnitCore.runMain() + 999
	at 0x0000000103af1cdd org.junit.runner.JUnitCore.runMain() + 42
	at 0x0000000103a7c74e JRELogPaneViewController.viewDidAppear:() + 462
12) testSoftReferenceSet(java.lang.ref.SoftReferenceTest)
junit.framework.AssertionFailedError: referent's hashCode() was called expected:<0> but was:<1>
	at 0x000000010428aedd java.lang.Throwable.nativeFillInStackTrace() + 38
	at 0x00000001042675b7 java.lang.Error.<init>() + 30
	at 0x0000000104254513 java.lang.AssertionError.<init>() + 78
	at 0x0000000103abcf0c junit.framework.AssertionFailedError.<init>() + 61
	at 0x0000000103abbbed junit.framework.Assert.fail() + 32
	at 0x0000000103abc9a3 junit.framework.Assert.format() + 0
	at 0x0000000103abbce4 junit.framework.Assert.assertEquals() + 0
	at 0x0000000103abc395 junit.framework.Assert.assertEquals() + 62
	at 0x0000000103457de4 java.lang.ref.SoftReferenceTest.testSoftReferenceSet() + 452
	at 0x0000000104862d41 java.lang.reflect.Method.invoke:object:() + 54
	at 0x00000001048627f8 java.lang.reflect.Method.invoke() + 379
	at 0x0000000103abfc6f junit.framework.TestCase.runTest() + 276
	at 0x0000000103abfa8c junit.framework.TestCase.runBare() + 43
	at 0x0000000103ac1e32 junit.framework.TestResult.runProtected() + 78
	at 0x0000000103ac1d8e junit.framework.TestResult.run() + 131
	at 0x0000000103abfa4d junit.framework.TestCase.run() + 46
	at 0x0000000103ac3b5e junit.framework.TestSuite.runTest() + 62
	at 0x0000000103ac3a80 junit.framework.TestSuite.run() + 320
	at 0x0000000103ae19f0 org.junit.internal.runners.JUnit38ClassRunner.run() + 142
	at 0x0000000103afe52c org.junit.runners.Suite.runChild() + 62
	at 0x0000000103afd9a9 org.junit.runners.ParentRunner$.schedule() + 39
	at 0x0000000103afca00 org.junit.runners.ParentRunner.runChildren() + 483
	at 0x0000000103afd053 org.junit.runners.ParentRunner.run() + 140
	at 0x0000000103afe52c org.junit.runners.Suite.runChild() + 62
	at 0x0000000103afd9a9 org.junit.runners.ParentRunner$.schedule() + 39
	at 0x0000000103afca00 org.junit.runners.ParentRunner.runChildren() + 483
	at 0x0000000103afd053 org.junit.runners.ParentRunner.run() + 140
	at 0x0000000103af25e7 org.junit.runner.JUnitCore.run() + 230
	at 0x0000000103af2484 org.junit.runner.JUnitCore.run() + 78
	at 0x0000000103af2392 org.junit.runner.JUnitCore.run() + 96
	at 0x0000000103af20ea org.junit.runner.JUnitCore.runMain() + 999
	at 0x0000000103af1cdd org.junit.runner.JUnitCore.runMain() + 42
	at 0x0000000103a7c74e JRELogPaneViewController.viewDidAppear:() + 462
13) testWeakReference(java.lang.ref.WeakReferenceTest)
junit.framework.AssertionFailedError: weakRef cleared too soon
	at 0x000000010428aedd java.lang.Throwable.nativeFillInStackTrace() + 38
	at 0x00000001042675b7 java.lang.Error.<init>() + 30
	at 0x0000000104254513 java.lang.AssertionError.<init>() + 78
	at 0x0000000103abcf0c junit.framework.AssertionFailedError.<init>() + 61
	at 0x0000000103abbbed junit.framework.Assert.fail() + 32
	at 0x0000000103abbb4e junit.framework.Assert.assertTrue() + 0
	at 0x0000000103abc45e junit.framework.Assert.assertNotNull() + 36
	at 0x0000000103abfe02 junit.framework.TestCase.assertNotNull() + 30
	at 0x00000001039aeade java.lang.ref.WeakReferenceTest.testWeakReference() + 510
	at 0x0000000104862d41 java.lang.reflect.Method.invoke:object:() + 54
	at 0x00000001048627f8 java.lang.reflect.Method.invoke() + 379
	at 0x0000000103abfc6f junit.framework.TestCase.runTest() + 276
	at 0x0000000103abfa8c junit.framework.TestCase.runBare() + 43
	at 0x0000000103ac1e32 junit.framework.TestResult.runProtected() + 78
	at 0x0000000103ac1d8e junit.framework.TestResult.run() + 131
	at 0x0000000103abfa4d junit.framework.TestCase.run() + 46
	at 0x0000000103ac3b5e junit.framework.TestSuite.runTest() + 62
	at 0x0000000103ac3a80 junit.framework.TestSuite.run() + 320
	at 0x0000000103ae19f0 org.junit.internal.runners.JUnit38ClassRunner.run() + 142
	at 0x0000000103afe52c org.junit.runners.Suite.runChild() + 62
	at 0x0000000103afd9a9 org.junit.runners.ParentRunner$.schedule() + 39
	at 0x0000000103afca00 org.junit.runners.ParentRunner.runChildren() + 483
	at 0x0000000103afd053 org.junit.runners.ParentRunner.run() + 140
	at 0x0000000103afe52c org.junit.runners.Suite.runChild() + 62
	at 0x0000000103afd9a9 org.junit.runners.ParentRunner$.schedule() + 39
	at 0x0000000103afca00 org.junit.runners.ParentRunner.runChildren() + 483
	at 0x0000000103afd053 org.junit.runners.ParentRunner.run() + 140
	at 0x0000000103af25e7 org.junit.runner.JUnitCore.run() + 230
	at 0x0000000103af2484 org.junit.runner.JUnitCore.run() + 78
	at 0x0000000103af2392 org.junit.runner.JUnitCore.run() + 96
	at 0x0000000103af20ea org.junit.runner.JUnitCore.runMain() + 999
	at 0x0000000103af1cdd org.junit.runner.JUnitCore.runMain() + 42
	at 0x0000000103a7c74e JRELogPaneViewController.viewDidAppear:() + 462
14) testQueuedWeakReference(java.lang.ref.WeakReferenceTest)
junit.framework.AssertionFailedError: weakRef cleared too soon
	at 0x000000010428aedd java.lang.Throwable.nativeFillInStackTrace() + 38
	at 0x00000001042675b7 java.lang.Error.<init>() + 30
	at 0x0000000104254513 java.lang.AssertionError.<init>() + 78
	at 0x0000000103abcf0c junit.framework.AssertionFailedError.<init>() + 61
	at 0x0000000103abbbed junit.framework.Assert.fail() + 32
	at 0x0000000103abbb4e junit.framework.Assert.assertTrue() + 0
	at 0x0000000103abc45e junit.framework.Assert.assertNotNull() + 36
	at 0x0000000103abfe02 junit.framework.TestCase.assertNotNull() + 30
	at 0x00000001039aefa7 java.lang.ref.WeakReferenceTest.testQueuedWeakReference() + 535
	at 0x0000000104862d41 java.lang.reflect.Method.invoke:object:() + 54
	at 0x00000001048627f8 java.lang.reflect.Method.invoke() + 379
	at 0x0000000103abfc6f junit.framework.TestCase.runTest() + 276
	at 0x0000000103abfa8c junit.framework.TestCase.runBare() + 43
	at 0x0000000103ac1e32 junit.framework.TestResult.runProtected() + 78
	at 0x0000000103ac1d8e junit.framework.TestResult.run() + 131
	at 0x0000000103abfa4d junit.framework.TestCase.run() + 46
	at 0x0000000103ac3b5e junit.framework.TestSuite.runTest() + 62
	at 0x0000000103ac3a80 junit.framework.TestSuite.run() + 320
	at 0x0000000103ae19f0 org.junit.internal.runners.JUnit38ClassRunner.run() + 142
	at 0x0000000103afe52c org.junit.runners.Suite.runChild() + 62
	at 0x0000000103afd9a9 org.junit.runners.ParentRunner$.schedule() + 39
	at 0x0000000103afca00 org.junit.runners.ParentRunner.runChildren() + 483
	at 0x0000000103afd053 org.junit.runners.ParentRunner.run() + 140
	at 0x0000000103afe52c org.junit.runners.Suite.runChild() + 62
	at 0x0000000103afd9a9 org.junit.runners.ParentRunner$.schedule() + 39
	at 0x0000000103afca00 org.junit.runners.ParentRunner.runChildren() + 483
	at 0x0000000103afd053 org.junit.runners.ParentRunner.run() + 140
	at 0x0000000103af25e7 org.junit.runner.JUnitCore.run() + 230
	at 0x0000000103af2484 org.junit.runner.JUnitCore.run() + 78
	at 0x0000000103af2392 org.junit.runner.JUnitCore.run() + 96
	at 0x0000000103af20ea org.junit.runner.JUnitCore.runMain() + 999
	at 0x0000000103af1cdd org.junit.runner.JUnitCore.runMain() + 42
	at 0x0000000103a7c74e JRELogPaneViewController.viewDidAppear:() + 462
15) testWeakHashMap(java.util.WeakHashMapTest)
junit.framework.AssertionFailedError: weakMap not empty
	at 0x000000010428aedd java.lang.Throwable.nativeFillInStackTrace() + 38
	at 0x00000001042675b7 java.lang.Error.<init>() + 30
	at 0x0000000104254513 java.lang.AssertionError.<init>() + 78
	at 0x0000000103abcf0c junit.framework.AssertionFailedError.<init>() + 61
	at 0x0000000103abbbed junit.framework.Assert.fail() + 32
	at 0x0000000103abbb4e junit.framework.Assert.assertTrue() + 0
	at 0x00000001037f8cb9 java.util.WeakHashMapTest.testWeakHashMap() + 553
	at 0x0000000104862d41 java.lang.reflect.Method.invoke:object:() + 54
	at 0x00000001048627f8 java.lang.reflect.Method.invoke() + 379
	at 0x0000000103abfc6f junit.framework.TestCase.runTest() + 276
	at 0x0000000103abfa8c junit.framework.TestCase.runBare() + 43
	at 0x0000000103ac1e32 junit.framework.TestResult.runProtected() + 78
	at 0x0000000103ac1d8e junit.framework.TestResult.run() + 131
	at 0x0000000103abfa4d junit.framework.TestCase.run() + 46
	at 0x0000000103ac3b5e junit.framework.TestSuite.runTest() + 62
	at 0x0000000103ac3a80 junit.framework.TestSuite.run() + 320
	at 0x0000000103ae19f0 org.junit.internal.runners.JUnit38ClassRunner.run() + 142
	at 0x0000000103afe52c org.junit.runners.Suite.runChild() + 62
	at 0x0000000103afd9a9 org.junit.runners.ParentRunner$.schedule() + 39
	at 0x0000000103afca00 org.junit.runners.ParentRunner.runChildren() + 483
	at 0x0000000103afd053 org.junit.runners.ParentRunner.run() + 140
	at 0x0000000103afe52c org.junit.runners.Suite.runChild() + 62
	at 0x0000000103afd9a9 org.junit.runners.ParentRunner$.schedule() + 39
	at 0x0000000103afca00 org.junit.runners.ParentRunner.runChildren() + 483
	at 0x0000000103afd053 org.junit.runners.ParentRunner.run() + 140
	at 0x0000000103af25e7 org.junit.runner.JUnitCore.run() + 230
	at 0x0000000103af2484 org.junit.runner.JUnitCore.run() + 78
	at 0x0000000103af2392 org.junit.runner.JUnitCore.run() + 96
	at 0x0000000103af20ea org.junit.runner.JUnitCore.runMain() + 999
	at 0x0000000103af1cdd org.junit.runner.JUnitCore.runMain() + 42
	at 0x0000000103a7c74e JRELogPaneViewController.viewDidAppear:() + 462
16) testFileHandler(libcore.java.util.logging.OldFileHandlerTest)
java.io.FileNotFoundException: /Users/zeedh/Library/Developer/CoreSimulator/Devices/76FE1120-8633-4790-AE6D-0E4C93CFD855/data/Containers/Data/Application/48A457A1-5F3B-4597-9114-BA44FA96340D/tmp/log/java0.test.0: open failed: ENOENT (No such file or directory)
	at 0x000000010428aedd java.lang.Throwable.nativeFillInStackTrace() + 38
	at 0x0000000104267b46 java.lang.Exception.<init>() + 30
	at 0x0000000104232c7a java.io.IOException.<init>() + 30
	at 0x00000001046a5aeb libcore.io.IoBridge.open() + 362
	at 0x00000001042307ff java.io.FileInputStream.<init>() + 151
	at 0x00000001042309b0 java.io.FileInputStream.<init>() + 44
	at 0x000000010445b442 java.io.FileReader.<init>() + 30
	at 0x0000000103643a24 libcore.java.util.logging.OldFileHandlerTest.assertFileContent() + 1828
	at 0x0000000103643294 libcore.java.util.logging.OldFileHandlerTest.testFileHandler() + 1956
	at 0x0000000104862d41 java.lang.reflect.Method.invoke:object:() + 54
	at 0x00000001048627f8 java.lang.reflect.Method.invoke() + 379
	at 0x0000000103abfc6f junit.framework.TestCase.runTest() + 276
	at 0x0000000103abfa8c junit.framework.TestCase.runBare() + 43
	at 0x0000000103ac1e32 junit.framework.TestResult.runProtected() + 78
	at 0x0000000103ac1d8e junit.framework.TestResult.run() + 131
	at 0x0000000103abfa4d junit.framework.TestCase.run() + 46
	at 0x0000000103ac3b5e junit.framework.TestSuite.runTest() + 62
	at 0x0000000103ac3a80 junit.framework.TestSuite.run() + 320
	at 0x0000000103ae19f0 org.junit.internal.runners.JUnit38ClassRunner.run() + 142
	at 0x0000000103afe52c org.junit.runners.Suite.runChild() + 62
	at 0x0000000103afd9a9 org.junit.runners.ParentRunner$.schedule() + 39
	at 0x0000000103afca00 org.junit.runners.ParentRunner.runChildren() + 483
	at 0x0000000103afd053 org.junit.runners.ParentRunner.run() + 140
	at 0x0000000103afe52c org.junit.runners.Suite.runChild() + 62
	at 0x0000000103afd9a9 org.junit.runners.ParentRunner$.schedule() + 39
	at 0x0000000103afca00 org.junit.runners.ParentRunner.runChildren() + 483
	at 0x0000000103afd053 org.junit.runners.ParentRunner.run() + 140
	at 0x0000000103af25e7 org.junit.runner.JUnitCore.run() + 230
	at 0x0000000103af2484 org.junit.runner.JUnitCore.run() + 78
	at 0x0000000103af2392 org.junit.runner.JUnitCore.run() + 96
	at 0x0000000103af20ea org.junit.runner.JUnitCore.runMain() + 999
	at 0x0000000103af1cdd org.junit.runner.JUnitCore.runMain() + 42
	at 0x0000000103a7c74e JRELogPaneViewController.viewDidAppear:() + 462
Caused by: libcore.io.ErrnoException: open failed: ENOENT (No such file or directory)
	at 0x000000010428aedd java.lang.Throwable.nativeFillInStackTrace() + 38
	at 0x00000001046a5388 libcore.io.ErrnoException.<init>() + 53
	at 0x00000001046aa339 libcore.io.Posix.throwErrnoException() + 24
	at 0x00000001046aa38e libcore.io.Posix.access() + 0
	at 0x00000001046ab1c7 libcore.io.Posix.open() + 85
	... 30 more
17) testSerializationCompatibility(org.apache.harmony.beans.tests.java.beans.IntrospectionExceptionTest)
junit.framework.AssertionFailedError: Expected: <null> but was: java.beans.IntrospectionException: IntrospectionExceptionTest
	at 0x000000010428aedd java.lang.Throwable.nativeFillInStackTrace() + 38
	at 0x00000001042675b7 java.lang.Error.<init>() + 30
	at 0x0000000104254513 java.lang.AssertionError.<init>() + 78
	at 0x0000000103abcf0c junit.framework.AssertionFailedError.<init>() + 61
	at 0x0000000103abbbed junit.framework.Assert.fail() + 32
	at 0x0000000103abbb4e junit.framework.Assert.assertTrue() + 0
	at 0x0000000103abc4cc junit.framework.Assert.assertNull() + 84
	at 0x00000001030f39b5 org.apache.harmony.testframework.serialization.SerializationTest$.assertDeserialized() + 661
	at 0x00000001030f1733 org.apache.harmony.testframework.serialization.SerializationTest.verifyGolden() + 467
	at 0x00000001030f1486 org.apache.harmony.testframework.serialization.SerializationTest.verifyGolden() + 182
	at 0x0000000103189697 org.apache.harmony.beans.tests.java.beans.IntrospectionExceptionTest.testSerializationCompatibility() + 55
	at 0x0000000104862d41 java.lang.reflect.Method.invoke:object:() + 54
	at 0x00000001048627f8 java.lang.reflect.Method.invoke() + 379
	at 0x0000000103abfc6f junit.framework.TestCase.runTest() + 276
	at 0x0000000103abfa8c junit.framework.TestCase.runBare() + 43
	at 0x0000000103ac1e32 junit.framework.TestResult.runProtected() + 78
	at 0x0000000103ac1d8e junit.framework.TestResult.run() + 131
	at 0x0000000103abfa4d junit.framework.TestCase.run() + 46
	at 0x0000000103ac3b5e junit.framework.TestSuite.runTest() + 62
	at 0x0000000103ac3a80 junit.framework.TestSuite.run() + 320
	at 0x0000000103ae19f0 org.junit.internal.runners.JUnit38ClassRunner.run() + 142
	at 0x0000000103afe52c org.junit.runners.Suite.runChild() + 62
	at 0x0000000103afd9a9 org.junit.runners.ParentRunner$.schedule() + 39
	at 0x0000000103afca00 org.junit.runners.ParentRunner.runChildren() + 483
	at 0x0000000103afd053 org.junit.runners.ParentRunner.run() + 140
	at 0x0000000103afe52c org.junit.runners.Suite.runChild() + 62
	at 0x0000000103afd9a9 org.junit.runners.ParentRunner$.schedule() + 39
	at 0x0000000103afca00 org.junit.runners.ParentRunner.runChildren() + 483
	at 0x0000000103afd053 org.junit.runners.ParentRunner.run() + 140
	at 0x0000000103af25e7 org.junit.runner.JUnitCore.run() + 230
	at 0x0000000103af2484 org.junit.runner.JUnitCore.run() + 78
	at 0x0000000103af2392 org.junit.runner.JUnitCore.run() + 96
	at 0x0000000103af20ea org.junit.runner.JUnitCore.runMain() + 999
	at 0x0000000103af1cdd org.junit.runner.JUnitCore.runMain() + 42
	at 0x0000000103a7c74e JRELogPaneViewController.viewDidAppear:() + 462
18) testSerializationSelf(org.apache.harmony.beans.tests.java.beans.IntrospectionExceptionTest)
junit.framework.AssertionFailedError: Expected: <null> but was: java.lang.Throwable
	at 0x000000010428aedd java.lang.Throwable.nativeFillInStackTrace() + 38
	at 0x00000001042675b7 java.lang.Error.<init>() + 30
	at 0x0000000104254513 java.lang.AssertionError.<init>() + 78
	at 0x0000000103abcf0c junit.framework.AssertionFailedError.<init>() + 61
	at 0x0000000103abbbed junit.framework.Assert.fail() + 32
	at 0x0000000103abbb4e junit.framework.Assert.assertTrue() + 0
	at 0x0000000103abc4cc junit.framework.Assert.assertNull() + 84
	at 0x00000001030f39b5 org.apache.harmony.testframework.serialization.SerializationTest$.assertDeserialized() + 661
	at 0x00000001030f1feb org.apache.harmony.testframework.serialization.SerializationTest.verifySelf() + 427
	at 0x00000001030f1d98 org.apache.harmony.testframework.serialization.SerializationTest.verifySelf() + 136
	at 0x000000010318964e org.apache.harmony.beans.tests.java.beans.IntrospectionExceptionTest.testSerializationSelf() + 46
	at 0x0000000104862d41 java.lang.reflect.Method.invoke:object:() + 54
	at 0x00000001048627f8 java.lang.reflect.Method.invoke() + 379
	at 0x0000000103abfc6f junit.framework.TestCase.runTest() + 276
	at 0x0000000103abfa8c junit.framework.TestCase.runBare() + 43
	at 0x0000000103ac1e32 junit.framework.TestResult.runProtected() + 78
	at 0x0000000103ac1d8e junit.framework.TestResult.run() + 131
	at 0x0000000103abfa4d junit.framework.TestCase.run() + 46
	at 0x0000000103ac3b5e junit.framework.TestSuite.runTest() + 62
	at 0x0000000103ac3a80 junit.framework.TestSuite.run() + 320
	at 0x0000000103ae19f0 org.junit.internal.runners.JUnit38ClassRunner.run() + 142
	at 0x0000000103afe52c org.junit.runners.Suite.runChild() + 62
	at 0x0000000103afd9a9 org.junit.runners.ParentRunner$.schedule() + 39
	at 0x0000000103afca00 org.junit.runners.ParentRunner.runChildren() + 483
	at 0x0000000103afd053 org.junit.runners.ParentRunner.run() + 140
	at 0x0000000103afe52c org.junit.runners.Suite.runChild() + 62
	at 0x0000000103afd9a9 org.junit.runners.ParentRunner$.schedule() + 39
	at 0x0000000103afca00 org.junit.runners.ParentRunner.runChildren() + 483
	at 0x0000000103afd053 org.junit.runners.ParentRunner.run() + 140
	at 0x0000000103af25e7 org.junit.runner.JUnitCore.run() + 230
	at 0x0000000103af2484 org.junit.runner.JUnitCore.run() + 78
	at 0x0000000103af2392 org.junit.runner.JUnitCore.run() + 96
	at 0x0000000103af20ea org.junit.runner.JUnitCore.runMain() + 999
	at 0x0000000103af1cdd org.junit.runner.JUnitCore.runMain() + 42
	at 0x0000000103a7c74e JRELogPaneViewController.viewDidAppear:() + 462
19) testSerializationCompatibility(org.apache.harmony.regex.tests.java.util.regex.PatternSyntaxExceptionTest)
junit.framework.AssertionFailedError: Expected: <null> but was: java.util.regex.PatternSyntaxException: TESTDESC near index 3
TESTREGEX
   ^
	at 0x000000010428aedd java.lang.Throwable.nativeFillInStackTrace() + 38
	at 0x00000001042675b7 java.lang.Error.<init>() + 30
	at 0x0000000104254513 java.lang.AssertionError.<init>() + 78
	at 0x0000000103abcf0c junit.framework.AssertionFailedError.<init>() + 61
	at 0x0000000103abbbed junit.framework.Assert.fail() + 32
	at 0x0000000103abbb4e junit.framework.Assert.assertTrue() + 0
	at 0x0000000103abc4cc junit.framework.Assert.assertNull() + 84
	at 0x00000001030f39b5 org.apache.harmony.testframework.serialization.SerializationTest$.assertDeserialized() + 661
	at 0x00000001031dcab4 org.apache.harmony.regex.tests.java.util.regex.PatternSyntaxExceptionTest$.assertDeserialized() + 228
	at 0x00000001030f1733 org.apache.harmony.testframework.serialization.SerializationTest.verifyGolden() + 467
	at 0x00000001031dc5cc org.apache.harmony.regex.tests.java.util.regex.PatternSyntaxExceptionTest.testSerializationCompatibility() + 76
	at 0x0000000104862d41 java.lang.reflect.Method.invoke:object:() + 54
	at 0x00000001048627f8 java.lang.reflect.Method.invoke() + 379
	at 0x0000000103abfc6f junit.framework.TestCase.runTest() + 276
	at 0x0000000103abfa8c junit.framework.TestCase.runBare() + 43
	at 0x0000000103ac1e32 junit.framework.TestResult.runProtected() + 78
	at 0x0000000103ac1d8e junit.framework.TestResult.run() + 131
	at 0x0000000103abfa4d junit.framework.TestCase.run() + 46
	at 0x0000000103ac3b5e junit.framework.TestSuite.runTest() + 62
	at 0x0000000103ac3a80 junit.framework.TestSuite.run() + 320
	at 0x0000000103ae19f0 org.junit.internal.runners.JUnit38ClassRunner.run() + 142
	at 0x0000000103afe52c org.junit.runners.Suite.runChild() + 62
	at 0x0000000103afd9a9 org.junit.runners.ParentRunner$.schedule() + 39
	at 0x0000000103afca00 org.junit.runners.ParentRunner.runChildren() + 483
	at 0x0000000103afd053 org.junit.runners.ParentRunner.run() + 140
	at 0x0000000103afe52c org.junit.runners.Suite.runChild() + 62
	at 0x0000000103afd9a9 org.junit.runners.ParentRunner$.schedule() + 39
	at 0x0000000103afca00 org.junit.runners.ParentRunner.runChildren() + 483
	at 0x0000000103afd053 org.junit.runners.ParentRunner.run() + 140
	at 0x0000000103af25e7 org.junit.runner.JUnitCore.run() + 230
	at 0x0000000103af2484 org.junit.runner.JUnitCore.run() + 78
	at 0x0000000103af2392 org.junit.runner.JUnitCore.run() + 96
	at 0x0000000103af20ea org.junit.runner.JUnitCore.runMain() + 999
	at 0x0000000103af1cdd org.junit.runner.JUnitCore.runMain() + 42
	at 0x0000000103a7c74e JRELogPaneViewController.viewDidAppear:() + 462
20) testSerializationSelf(org.apache.harmony.regex.tests.java.util.regex.PatternSyntaxExceptionTest)
junit.framework.AssertionFailedError: Expected: <null> but was: java.lang.Throwable
	at 0x000000010428aedd java.lang.Throwable.nativeFillInStackTrace() + 38
	at 0x00000001042675b7 java.lang.Error.<init>() + 30
	at 0x0000000104254513 java.lang.AssertionError.<init>() + 78
	at 0x0000000103abcf0c junit.framework.AssertionFailedError.<init>() + 61
	at 0x0000000103abbbed junit.framework.Assert.fail() + 32
	at 0x0000000103abbb4e junit.framework.Assert.assertTrue() + 0
	at 0x0000000103abc4cc junit.framework.Assert.assertNull() + 84
	at 0x00000001030f39b5 org.apache.harmony.testframework.serialization.SerializationTest$.assertDeserialized() + 661
	at 0x00000001031dcab4 org.apache.harmony.regex.tests.java.util.regex.PatternSyntaxExceptionTest$.assertDeserialized() + 228
	at 0x00000001030f1feb org.apache.harmony.testframework.serialization.SerializationTest.verifySelf() + 427
	at 0x00000001031dc635 org.apache.harmony.regex.tests.java.util.regex.PatternSyntaxExceptionTest.testSerializationSelf() + 69
	at 0x0000000104862d41 java.lang.reflect.Method.invoke:object:() + 54
	at 0x00000001048627f8 java.lang.reflect.Method.invoke() + 379
	at 0x0000000103abfc6f junit.framework.TestCase.runTest() + 276
	at 0x0000000103abfa8c junit.framework.TestCase.runBare() + 43
	at 0x0000000103ac1e32 junit.framework.TestResult.runProtected() + 78
	at 0x0000000103ac1d8e junit.framework.TestResult.run() + 131
	at 0x0000000103abfa4d junit.framework.TestCase.run() + 46
	at 0x0000000103ac3b5e junit.framework.TestSuite.runTest() + 62
	at 0x0000000103ac3a80 junit.framework.TestSuite.run() + 320
	at 0x0000000103ae19f0 org.junit.internal.runners.JUnit38ClassRunner.run() + 142
	at 0x0000000103afe52c org.junit.runners.Suite.runChild() + 62
	at 0x0000000103afd9a9 org.junit.runners.ParentRunner$.schedule() + 39
	at 0x0000000103afca00 org.junit.runners.ParentRunner.runChildren() + 483
	at 0x0000000103afd053 org.junit.runners.ParentRunner.run() + 140
	at 0x0000000103afe52c org.junit.runners.Suite.runChild() + 62
	at 0x0000000103afd9a9 org.junit.runners.ParentRunner$.schedule() + 39
	at 0x0000000103afca00 org.junit.runners.ParentRunner.runChildren() + 483
	at 0x0000000103afd053 org.junit.runners.ParentRunner.run() + 140
	at 0x0000000103af25e7 org.junit.runner.JUnitCore.run() + 230
	at 0x0000000103af2484 org.junit.runner.JUnitCore.run() + 78
	at 0x0000000103af2392 org.junit.runner.JUnitCore.run() + 96
	at 0x0000000103af20ea org.junit.runner.JUnitCore.runMain() + 999
	at 0x0000000103af1cdd org.junit.runner.JUnitCore.runMain() + 42
	at 0x0000000103a7c74e JRELogPaneViewController.viewDidAppear:() + 462
21) testSerializationCompatibility(org.apache.harmony.tests.java.util.zip.ZipErrorTest)
junit.framework.AssertionFailedError: Expected: <null> but was: java.util.zip.ZipError: serialization test
	at 0x000000010428aedd java.lang.Throwable.nativeFillInStackTrace() + 38
	at 0x00000001042675b7 java.lang.Error.<init>() + 30
	at 0x0000000104254513 java.lang.AssertionError.<init>() + 78
	at 0x0000000103abcf0c junit.framework.AssertionFailedError.<init>() + 61
	at 0x0000000103abbbed junit.framework.Assert.fail() + 32
	at 0x0000000103abbb4e junit.framework.Assert.assertTrue() + 0
	at 0x0000000103abc4cc junit.framework.Assert.assertNull() + 84
	at 0x00000001030f39b5 org.apache.harmony.testframework.serialization.SerializationTest$.assertDeserialized() + 661
	at 0x00000001030f1733 org.apache.harmony.testframework.serialization.SerializationTest.verifyGolden() + 467
	at 0x00000001030f1486 org.apache.harmony.testframework.serialization.SerializationTest.verifyGolden() + 182
	at 0x00000001038f8583 org.apache.harmony.tests.java.util.zip.ZipErrorTest.testSerializationCompatibility() + 51
	at 0x0000000104862d41 java.lang.reflect.Method.invoke:object:() + 54
	at 0x00000001048627f8 java.lang.reflect.Method.invoke() + 379
	at 0x0000000103abfc6f junit.framework.TestCase.runTest() + 276
	at 0x0000000103abfa8c junit.framework.TestCase.runBare() + 43
	at 0x0000000103ac1e32 junit.framework.TestResult.runProtected() + 78
	at 0x0000000103ac1d8e junit.framework.TestResult.run() + 131
	at 0x0000000103abfa4d junit.framework.TestCase.run() + 46
	at 0x0000000103ac3b5e junit.framework.TestSuite.runTest() + 62
	at 0x0000000103ac3a80 junit.framework.TestSuite.run() + 320
	at 0x0000000103ae19f0 org.junit.internal.runners.JUnit38ClassRunner.run() + 142
	at 0x0000000103afe52c org.junit.runners.Suite.runChild() + 62
	at 0x0000000103afd9a9 org.junit.runners.ParentRunner$.schedule() + 39
	at 0x0000000103afca00 org.junit.runners.ParentRunner.runChildren() + 483
	at 0x0000000103afd053 org.junit.runners.ParentRunner.run() + 140
	at 0x0000000103afe52c org.junit.runners.Suite.runChild() + 62
	at 0x0000000103afd9a9 org.junit.runners.ParentRunner$.schedule() + 39
	at 0x0000000103afca00 org.junit.runners.ParentRunner.runChildren() + 483
	at 0x0000000103afd053 org.junit.runners.ParentRunner.run() + 140
	at 0x0000000103af25e7 org.junit.runner.JUnitCore.run() + 230
	at 0x0000000103af2484 org.junit.runner.JUnitCore.run() + 78
	at 0x0000000103af2392 org.junit.runner.JUnitCore.run() + 96
	at 0x0000000103af20ea org.junit.runner.JUnitCore.runMain() + 999
	at 0x0000000103af1cdd org.junit.runner.JUnitCore.runMain() + 42
	at 0x0000000103a7c74e JRELogPaneViewController.viewDidAppear:() + 462
22) test_serialization(org.apache.harmony.tests.java.util.zip.ZipErrorTest)
junit.framework.AssertionFailedError: Expected: <null> but was: java.lang.Throwable
	at 0x000000010428aedd java.lang.Throwable.nativeFillInStackTrace() + 38
	at 0x00000001042675b7 java.lang.Error.<init>() + 30
	at 0x0000000104254513 java.lang.AssertionError.<init>() + 78
	at 0x0000000103abcf0c junit.framework.AssertionFailedError.<init>() + 61
	at 0x0000000103abbbed junit.framework.Assert.fail() + 32
	at 0x0000000103abbb4e junit.framework.Assert.assertTrue() + 0
	at 0x0000000103abc4cc junit.framework.Assert.assertNull() + 84
	at 0x00000001030f39b5 org.apache.harmony.testframework.serialization.SerializationTest$.assertDeserialized() + 661
	at 0x00000001030f1feb org.apache.harmony.testframework.serialization.SerializationTest.verifySelf() + 427
	at 0x00000001030f1d98 org.apache.harmony.testframework.serialization.SerializationTest.verifySelf() + 136
	at 0x00000001038f852f org.apache.harmony.tests.java.util.zip.ZipErrorTest.test_serialization() + 47
	at 0x0000000104862d41 java.lang.reflect.Method.invoke:object:() + 54
	at 0x00000001048627f8 java.lang.reflect.Method.invoke() + 379
	at 0x0000000103abfc6f junit.framework.TestCase.runTest() + 276
	at 0x0000000103abfa8c junit.framework.TestCase.runBare() + 43
	at 0x0000000103ac1e32 junit.framework.TestResult.runProtected() + 78
	at 0x0000000103ac1d8e junit.framework.TestResult.run() + 131
	at 0x0000000103abfa4d junit.framework.TestCase.run() + 46
	at 0x0000000103ac3b5e junit.framework.TestSuite.runTest() + 62
	at 0x0000000103ac3a80 junit.framework.TestSuite.run() + 320
	at 0x0000000103ae19f0 org.junit.internal.runners.JUnit38ClassRunner.run() + 142
	at 0x0000000103afe52c org.junit.runners.Suite.runChild() + 62
	at 0x0000000103afd9a9 org.junit.runners.ParentRunner$.schedule() + 39
	at 0x0000000103afca00 org.junit.runners.ParentRunner.runChildren() + 483
	at 0x0000000103afd053 org.junit.runners.ParentRunner.run() + 140
	at 0x0000000103afe52c org.junit.runners.Suite.runChild() + 62
	at 0x0000000103afd9a9 org.junit.runners.ParentRunner$.schedule() + 39
	at 0x0000000103afca00 org.junit.runners.ParentRunner.runChildren() + 483
	at 0x0000000103afd053 org.junit.runners.ParentRunner.run() + 140
	at 0x0000000103af25e7 org.junit.runner.JUnitCore.run() + 230
	at 0x0000000103af2484 org.junit.runner.JUnitCore.run() + 78
	at 0x0000000103af2392 org.junit.runner.JUnitCore.run() + 96
	at 0x0000000103af20ea org.junit.runner.JUnitCore.runMain() + 999
	at 0x0000000103af1cdd org.junit.runner.JUnitCore.runMain() + 42
	at 0x0000000103a7c74e JRELogPaneViewController.viewDidAppear:() + 462
23) testReleasingConstructorThrows(com.google.j2objc.arc.MemoryTest)
junit.framework.AssertionFailedError: expected:<1> but was:<0>
	at 0x000000010428aedd java.lang.Throwable.nativeFillInStackTrace() + 38
	at 0x00000001042675b7 java.lang.Error.<init>() + 30
	at 0x0000000104254513 java.lang.AssertionError.<init>() + 78
	at 0x0000000103abcf0c junit.framework.AssertionFailedError.<init>() + 61
	at 0x0000000103abbbed junit.framework.Assert.fail() + 32
	at 0x0000000103abc9a3 junit.framework.Assert.format() + 0
	at 0x0000000103abbce4 junit.framework.Assert.assertEquals() + 0
	at 0x0000000103abc395 junit.framework.Assert.assertEquals() + 62
	at 0x00000001033c1f6c com.google.j2objc.arc.MemoryTest.testReleasingConstructorThrows() + 188
	at 0x0000000104862d41 java.lang.reflect.Method.invoke:object:() + 54
	at 0x00000001048627f8 java.lang.reflect.Method.invoke() + 379
	at 0x0000000103abfc6f junit.framework.TestCase.runTest() + 276
	at 0x0000000103abfa8c junit.framework.TestCase.runBare() + 43
	at 0x0000000103ac1e32 junit.framework.TestResult.runProtected() + 78
	at 0x0000000103ac1d8e junit.framework.TestResult.run() + 131
	at 0x0000000103abfa4d junit.framework.TestCase.run() + 46
	at 0x0000000103ac3b5e junit.framework.TestSuite.runTest() + 62
	at 0x0000000103ac3a80 junit.framework.TestSuite.run() + 320
	at 0x0000000103ae19f0 org.junit.internal.runners.JUnit38ClassRunner.run() + 142
	at 0x0000000103afe52c org.junit.runners.Suite.runChild() + 62
	at 0x0000000103afd9a9 org.junit.runners.ParentRunner$.schedule() + 39
	at 0x0000000103afca00 org.junit.runners.ParentRunner.runChildren() + 483
	at 0x0000000103afd053 org.junit.runners.ParentRunner.run() + 140
	at 0x0000000103afe52c org.junit.runners.Suite.runChild() + 62
	at 0x0000000103afd9a9 org.junit.runners.ParentRunner$.schedule() + 39
	at 0x0000000103afca00 org.junit.runners.ParentRunner.runChildren() + 483
	at 0x0000000103afd053 org.junit.runners.ParentRunner.run() + 140
	at 0x0000000103af25e7 org.junit.runner.JUnitCore.run() + 230
	at 0x0000000103af2484 org.junit.runner.JUnitCore.run() + 78
	at 0x0000000103af2392 org.junit.runner.JUnitCore.run() + 96
	at 0x0000000103af20ea org.junit.runner.JUnitCore.runMain() + 999
	at 0x0000000103af1cdd org.junit.runner.JUnitCore.runMain() + 42
	at 0x0000000103a7c74e JRELogPaneViewController.viewDidAppear:() + 462
24) testRetainingConstructorThrows(com.google.j2objc.arc.MemoryTest)
junit.framework.AssertionFailedError: expected:<1> but was:<0>
	at 0x000000010428aedd java.lang.Throwable.nativeFillInStackTrace() + 38
	at 0x00000001042675b7 java.lang.Error.<init>() + 30
	at 0x0000000104254513 java.lang.AssertionError.<init>() + 78
	at 0x0000000103abcf0c junit.framework.AssertionFailedError.<init>() + 61
	at 0x0000000103abbbed junit.framework.Assert.fail() + 32
	at 0x0000000103abc9a3 junit.framework.Assert.format() + 0
	at 0x0000000103abbce4 junit.framework.Assert.assertEquals() + 0
	at 0x0000000103abc395 junit.framework.Assert.assertEquals() + 62
	at 0x00000001033c20ab com.google.j2objc.arc.MemoryTest.testRetainingConstructorThrows() + 299
	at 0x0000000104862d41 java.lang.reflect.Method.invoke:object:() + 54
	at 0x00000001048627f8 java.lang.reflect.Method.invoke() + 379
	at 0x0000000103abfc6f junit.framework.TestCase.runTest() + 276
	at 0x0000000103abfa8c junit.framework.TestCase.runBare() + 43
	at 0x0000000103ac1e32 junit.framework.TestResult.runProtected() + 78
	at 0x0000000103ac1d8e junit.framework.TestResult.run() + 131
	at 0x0000000103abfa4d junit.framework.TestCase.run() + 46
	at 0x0000000103ac3b5e junit.framework.TestSuite.runTest() + 62
	at 0x0000000103ac3a80 junit.framework.TestSuite.run() + 320
	at 0x0000000103ae19f0 org.junit.internal.runners.JUnit38ClassRunner.run() + 142
	at 0x0000000103afe52c org.junit.runners.Suite.runChild() + 62
	at 0x0000000103afd9a9 org.junit.runners.ParentRunner$.schedule() + 39
	at 0x0000000103afca00 org.junit.runners.ParentRunner.runChildren() + 483
	at 0x0000000103afd053 org.junit.runners.ParentRunner.run() + 140
	at 0x0000000103afe52c org.junit.runners.Suite.runChild() + 62
	at 0x0000000103afd9a9 org.junit.runners.ParentRunner$.schedule() + 39
	at 0x0000000103afca00 org.junit.runners.ParentRunner.runChildren() + 483
	at 0x0000000103afd053 org.junit.runners.ParentRunner.run() + 140
	at 0x0000000103af25e7 org.junit.runner.JUnitCore.run() + 230
	at 0x0000000103af2484 org.junit.runner.JUnitCore.run() + 78
	at 0x0000000103af2392 org.junit.runner.JUnitCore.run() + 96
	at 0x0000000103af20ea org.junit.runner.JUnitCore.runMain() + 999
	at 0x0000000103af1cdd org.junit.runner.JUnitCore.runMain() + 42
	at 0x0000000103a7c74e JRELogPaneViewController.viewDidAppear:() + 462

FAILURES!!!
	         OrgApacheHarmonyTestsJavaxSecurityCertCertificateEncodingExceptionTest_class_(), OrgApacheHarmonyTestsJavaxSecurityCertCertificateExceptionTest_class_(), OrgApacheHarmonyTestsJavaxSecurityCertCertificateExpiredExceptionTest_class_(), OrgApacheHarmonyTestsJavaxSecurityCertCertificateNotYetValidExceptionTest_class_(), OrgApacheHarmonyTestsJavaxSecurityCertCertificateParsingExceptionTest_class_(), OrgApacheHarmonyTestsJavaxSecurityCertCertificateTest_class_(), OrgApacheHarmonyTestsJavaxSecurityCertX509CertificateTest_class_(), 

      ComGoogleJ2objcFieldTest_class_(),
      ComGoogleJ2objcMemoryTest_class_(),
      ComGoogleJ2objcArcMemoryTest_class_(),
      ComGoogleJ2objcRetainedWithTest_class_(),
      JavaLangRefPhantomReferenceTest_class_(),
      JavaLangRefSoftReferenceTest_class_(),
      JavaLangRefWeakReferenceTest_class_(),
      JavaUtilWeakHashMapTest_class_(),
      LibcoreJavaUtilLoggingOldFileHandlerTest_class_(),
      OrgApacheHarmonyBeansTestsJavaBeansIntrospectionExceptionTest_class_(),
      OrgApacheHarmonyRegexTestsJavaUtilRegexPatternSyntaxExceptionTest_class_(),
      OrgApacheHarmonyTestsJavaUtilZipZipErrorTest_class_(),
Tests run: 8667,  Failures: 24

